生成启动时间为 2017/9/25 8:31:59。
     1>项目“E:\code\vc\ReaderConfigure\ReaderConfigure\ReaderConfigure.vcxproj”在节点 2 上(Build 个目标)。
     1>ClCompile:
         C:\Program Files (x86)\Microsoft Visual Studio 12.0\VC\bin\CL.exe /c /ZI /nologo /W3 /WX- /sdl /Od /Oy- /D _CRT_NON_CONFORMING_SWPRINTFS /D _CRT_SECURE_NO_WARNINGS /D WIN32 /D _WINDOWS /D _DEBUG /D _USING_V110_SDK71_ /D _UNICODE /D UNICODE /Gm /EHsc /RTC1 /MTd /GS /fp:precise /Zc:wchar_t /Zc:forScope /Yu"stdafx.h" /Fp"Debug\ReaderConfigure.pch" /Fo"Debug\\" /Fd"Debug\vc120.pdb" /Gd /TP /analyze- /errorReport:prompt Main.cpp
         Main.cpp
       Link:
         C:\Program Files (x86)\Microsoft Visual Studio 12.0\VC\bin\link.exe /ERRORREPORT:PROMPT /OUT:"E:\code\vc\ReaderConfigure\Debug\ReaderConfigure.exe" /INCREMENTAL /NOLOGO /MANIFEST /MANIFESTUAC:"level='asInvoker' uiAccess='false'" /manifest:embed /manifestinput:"C:\Program Files (x86)\Microsoft Visual Studio 12.0\VC\Include\Manifest\dpiaware.manifest" /DEBUG /PDB:"E:\code\vc\ReaderConfigure\Debug\ReaderConfigure.pdb" /SUBSYSTEM:WINDOWS,"5.01" /TLBID:1 /ENTRY:"wWinMainCRTStartup" /DYNAMICBASE /NXCOMPAT /IMPLIB:"E:\code\vc\ReaderConfigure\Debug\ReaderConfigure.lib" /MACHINE:X86 Debug\ReaderConfigure.res
         Debug\COMPortUI.obj
         Debug\hexeditctrl.obj
         Debug\Main.obj
         Debug\App.obj
         Debug\CReader.obj
         Debug\CUSBPortUI.obj
         Debug\RawInput.obj
         Debug\stdafx.obj
         Debug\CReaderUI.obj
         ReaderConfigure.vcxproj -> E:\code\vc\ReaderConfigure\Debug\ReaderConfigure.exe
     1>已完成生成项目“E:\code\vc\ReaderConfigure\ReaderConfigure\ReaderConfigure.vcxproj”(Build 个目标)的操作。

生成成功。

已用时间 00:00:06.67
