e:\code\vc\readerconfigure\readerconfigure\debug\readerconfigure.pch
e:\code\vc\readerconfigure\readerconfigure\debug\vc120.pdb
e:\code\vc\readerconfigure\readerconfigure\debug\vc120.idb
e:\code\vc\readerconfigure\readerconfigure\debug\stdafx.obj
e:\code\vc\readerconfigure\readerconfigure\debug\comportui.obj
e:\code\vc\readerconfigure\readerconfigure\debug\hexeditctrl.obj
e:\code\vc\readerconfigure\readerconfigure\debug\main.obj
e:\code\vc\readerconfigure\readerconfigure\debug\app.obj
e:\code\vc\readerconfigure\readerconfigure\debug\creader.obj
e:\code\vc\readerconfigure\readerconfigure\debug\cusbportui.obj
e:\code\vc\readerconfigure\readerconfigure\debug\rawinput.obj
e:\code\vc\readerconfigure\readerconfigure\debug\creaderui.obj
e:\code\vc\readerconfigure\debug\readerconfigure.ilk
e:\code\vc\readerconfigure\debug\readerconfigure.exe
e:\code\vc\readerconfigure\debug\readerconfigure.pdb
e:\code\vc\readerconfigure\readerconfigure\debug\readerconfigure.res
e:\code\vc\readerconfigure\readerconfigure\debug\readerconfigure.tlog\cl.command.1.tlog
e:\code\vc\readerconfigure\readerconfigure\debug\readerconfigure.tlog\cl.read.1.tlog
e:\code\vc\readerconfigure\readerconfigure\debug\readerconfigure.tlog\cl.write.1.tlog
e:\code\vc\readerconfigure\readerconfigure\debug\readerconfigure.tlog\link.command.1.tlog
e:\code\vc\readerconfigure\readerconfigure\debug\readerconfigure.tlog\link.read.1.tlog
e:\code\vc\readerconfigure\readerconfigure\debug\readerconfigure.tlog\link.write.1.tlog
e:\code\vc\readerconfigure\readerconfigure\debug\readerconfigure.tlog\rc.command.1.tlog
e:\code\vc\readerconfigure\readerconfigure\debug\readerconfigure.tlog\rc.read.1.tlog
e:\code\vc\readerconfigure\readerconfigure\debug\readerconfigure.tlog\rc.write.1.tlog
