e:\code\vc\readerconfigure\readerconfigure\x64\debug\readerconfigure.pch
e:\code\vc\readerconfigure\readerconfigure\x64\debug\vc120.pdb
e:\code\vc\readerconfigure\readerconfigure\x64\debug\vc120.idb
e:\code\vc\readerconfigure\readerconfigure\x64\debug\stdafx.obj
e:\code\vc\readerconfigure\readerconfigure\x64\debug\comportui.obj
e:\code\vc\readerconfigure\readerconfigure\x64\debug\hexeditctrl.obj
e:\code\vc\readerconfigure\readerconfigure\x64\debug\main.obj
e:\code\vc\readerconfigure\readerconfigure\x64\debug\app.obj
e:\code\vc\readerconfigure\readerconfigure\x64\debug\creader.obj
e:\code\vc\readerconfigure\readerconfigure\x64\debug\cusbportui.obj
e:\code\vc\readerconfigure\readerconfigure\x64\debug\creaderui.obj
e:\code\vc\readerconfigure\readerconfigure\x64\debug\readerconfigure.res
e:\code\vc\readerconfigure\readerconfigure\x64\debug\readerconfigure.tlog\cl.command.1.tlog
e:\code\vc\readerconfigure\readerconfigure\x64\debug\readerconfigure.tlog\cl.read.1.tlog
e:\code\vc\readerconfigure\readerconfigure\x64\debug\readerconfigure.tlog\cl.write.1.tlog
e:\code\vc\readerconfigure\readerconfigure\x64\debug\readerconfigure.tlog\link.command.1.tlog
e:\code\vc\readerconfigure\readerconfigure\x64\debug\readerconfigure.tlog\link.read.1.tlog
e:\code\vc\readerconfigure\readerconfigure\x64\debug\readerconfigure.tlog\link.write.1.tlog
e:\code\vc\readerconfigure\readerconfigure\x64\debug\readerconfigure.tlog\rc.command.1.tlog
e:\code\vc\readerconfigure\readerconfigure\x64\debug\readerconfigure.tlog\rc.read.1.tlog
e:\code\vc\readerconfigure\readerconfigure\x64\debug\readerconfigure.tlog\rc.write.1.tlog
